  Matrices49860489.cpp
c:\users\administrator.msdn-special\documents\github\directx-game\shooting game\matrices49860489.cpp(196): warning C4100: 'lpCmdLine': 참조되지 않은 정식 매개 변수입니다.
c:\users\administrator.msdn-special\documents\github\directx-game\shooting game\matrices49860489.cpp(195): warning C4100: 'hPrevInstance': 참조되지 않은 정식 매개 변수입니다.
c:\users\administrator.msdn-special\documents\github\directx-game\shooting game\matrices49860489.cpp(1324): warning C4244: '인수': 'int'에서 'float'(으)로 변환하면서 데이터가 손실될 수 있습니다.
c:\users\administrator.msdn-special\documents\github\directx-game\shooting game\matrices49860489.cpp(1703): warning C4244: '인수': 'int'에서 'float'(으)로 변환하면서 데이터가 손실될 수 있습니다.
c:\users\administrator.msdn-special\documents\github\directx-game\shooting game\matrices49860489.cpp(2082): warning C4244: '인수': 'int'에서 'float'(으)로 변환하면서 데이터가 손실될 수 있습니다.
c:\users\administrator.msdn-special\documents\github\directx-game\shooting game\matrices49860489.cpp(2613): warning C4456: 'Spart1' 선언은 이전 로컬 선언을 숨깁니다.
  c:\users\administrator.msdn-special\documents\github\directx-game\shooting game\matrices49860489.cpp(2598): note: 'Spart1' 선언을 참조하십시오.
c:\users\administrator.msdn-special\documents\github\directx-game\shooting game\matrices49860489.cpp(2615): warning C4456: 'Scenter1' 선언은 이전 로컬 선언을 숨깁니다.
  c:\users\administrator.msdn-special\documents\github\directx-game\shooting game\matrices49860489.cpp(2600): note: 'Scenter1' 선언을 참조하십시오.
c:\users\administrator.msdn-special\documents\github\directx-game\shooting game\matrices49860489.cpp(2616): warning C4456: 'Sposition1' 선언은 이전 로컬 선언을 숨깁니다.
  c:\users\administrator.msdn-special\documents\github\directx-game\shooting game\matrices49860489.cpp(2601): note: 'Sposition1' 선언을 참조하십시오.
c:\users\administrator.msdn-special\documents\github\directx-game\shooting game\matrices49860489.cpp(2623): warning C4456: 'Spart1' 선언은 이전 로컬 선언을 숨깁니다.
  c:\users\administrator.msdn-special\documents\github\directx-game\shooting game\matrices49860489.cpp(2598): note: 'Spart1' 선언을 참조하십시오.
c:\users\administrator.msdn-special\documents\github\directx-game\shooting game\matrices49860489.cpp(2625): warning C4456: 'Scenter1' 선언은 이전 로컬 선언을 숨깁니다.
  c:\users\administrator.msdn-special\documents\github\directx-game\shooting game\matrices49860489.cpp(2600): note: 'Scenter1' 선언을 참조하십시오.
c:\users\administrator.msdn-special\documents\github\directx-game\shooting game\matrices49860489.cpp(2626): warning C4456: 'Sposition1' 선언은 이전 로컬 선언을 숨깁니다.
  c:\users\administrator.msdn-special\documents\github\directx-game\shooting game\matrices49860489.cpp(2601): note: 'Sposition1' 선언을 참조하십시오.
c:\users\administrator.msdn-special\documents\github\directx-game\shooting game\matrices49860489.cpp(2632): warning C4456: 'Spart2' 선언은 이전 로컬 선언을 숨깁니다.
  c:\users\administrator.msdn-special\documents\github\directx-game\shooting game\matrices49860489.cpp(2604): note: 'Spart2' 선언을 참조하십시오.
c:\users\administrator.msdn-special\documents\github\directx-game\shooting game\matrices49860489.cpp(2634): warning C4456: 'Scenter2' 선언은 이전 로컬 선언을 숨깁니다.
  c:\users\administrator.msdn-special\documents\github\directx-game\shooting game\matrices49860489.cpp(2606): note: 'Scenter2' 선언을 참조하십시오.
c:\users\administrator.msdn-special\documents\github\directx-game\shooting game\matrices49860489.cpp(2635): warning C4456: 'Sposition2' 선언은 이전 로컬 선언을 숨깁니다.
  c:\users\administrator.msdn-special\documents\github\directx-game\shooting game\matrices49860489.cpp(2607): note: 'Sposition2' 선언을 참조하십시오.
c:\users\administrator.msdn-special\documents\github\directx-game\shooting game\matrices49860489.cpp(2709): warning C4456: 'Spart1' 선언은 이전 로컬 선언을 숨깁니다.
  c:\users\administrator.msdn-special\documents\github\directx-game\shooting game\matrices49860489.cpp(2598): note: 'Spart1' 선언을 참조하십시오.
c:\users\administrator.msdn-special\documents\github\directx-game\shooting game\matrices49860489.cpp(2711): warning C4456: 'Scenter1' 선언은 이전 로컬 선언을 숨깁니다.
  c:\users\administrator.msdn-special\documents\github\directx-game\shooting game\matrices49860489.cpp(2600): note: 'Scenter1' 선언을 참조하십시오.
c:\users\administrator.msdn-special\documents\github\directx-game\shooting game\matrices49860489.cpp(2712): warning C4456: 'Sposition1' 선언은 이전 로컬 선언을 숨깁니다.
  c:\users\administrator.msdn-special\documents\github\directx-game\shooting game\matrices49860489.cpp(2601): note: 'Sposition1' 선언을 참조하십시오.
c:\users\administrator.msdn-special\documents\github\directx-game\shooting game\matrices49860489.cpp(2718): warning C4456: 'Spart2' 선언은 이전 로컬 선언을 숨깁니다.
  c:\users\administrator.msdn-special\documents\github\directx-game\shooting game\matrices49860489.cpp(2604): note: 'Spart2' 선언을 참조하십시오.
c:\users\administrator.msdn-special\documents\github\directx-game\shooting game\matrices49860489.cpp(2720): warning C4456: 'Scenter2' 선언은 이전 로컬 선언을 숨깁니다.
  c:\users\administrator.msdn-special\documents\github\directx-game\shooting game\matrices49860489.cpp(2606): note: 'Scenter2' 선언을 참조하십시오.
c:\users\administrator.msdn-special\documents\github\directx-game\shooting game\matrices49860489.cpp(2721): warning C4456: 'Sposition2' 선언은 이전 로컬 선언을 숨깁니다.
  c:\users\administrator.msdn-special\documents\github\directx-game\shooting game\matrices49860489.cpp(2607): note: 'Sposition2' 선언을 참조하십시오.
c:\users\administrator.msdn-special\documents\github\directx-game\shooting game\matrices49860489.cpp(2970): warning C4456: 'part0' 선언은 이전 로컬 선언을 숨깁니다.
  c:\users\administrator.msdn-special\documents\github\directx-game\shooting game\matrices49860489.cpp(2946): note: 'part0' 선언을 참조하십시오.
c:\users\administrator.msdn-special\documents\github\directx-game\shooting game\matrices49860489.cpp(2976): warning C4456: 'center0' 선언은 이전 로컬 선언을 숨깁니다.
  c:\users\administrator.msdn-special\documents\github\directx-game\shooting game\matrices49860489.cpp(2948): note: 'center0' 선언을 참조하십시오.
c:\users\administrator.msdn-special\documents\github\directx-game\shooting game\matrices49860489.cpp(2977): warning C4456: 'position0' 선언은 이전 로컬 선언을 숨깁니다.
  c:\users\administrator.msdn-special\documents\github\directx-game\shooting game\matrices49860489.cpp(2949): note: 'position0' 선언을 참조하십시오.
  Matrices49860489_2010.vcxproj -> C:\Users\Administrator.MSDN-SPECIAL\Documents\GitHub\DirectX-Game\Shooting Game\Debug\Matrices49860489.exe
  Matrices49860489_2010.vcxproj -> C:\Users\Administrator.MSDN-SPECIAL\Documents\GitHub\DirectX-Game\Shooting Game\Debug\Matrices49860489.pdb (Full PDB)
